[0.073s] DEBUG:colcon:Command line arguments: ['/usr/bin/colcon', 'build', '--symlink-install']
[0.073s] DEBUG:colcon:Parsed command line arguments: Namespace(log_base=None, log_level=None, verb_name='build', build_base='build', install_base='install', merge_install=False, symlink_install=True, test_result_base=None, continue_on_error=False, executor='parallel', parallel_workers=16, event_handlers=None, ignore_user_meta=False, metas=['./colcon.meta'], base_paths=['.'], packages_ignore=None, packages_ignore_regex=None, paths=None, packages_up_to=None, packages_up_to_regex=None, packages_above=None, packages_above_and_dependencies=None, packages_above_depth=None, packages_select_by_dep=None, packages_skip_by_dep=None, packages_skip_up_to=None, packages_select_build_failed=False, packages_skip_build_finished=False, packages_select_test_failures=False, packages_skip_test_passed=False, packages_select=None, packages_skip=None, packages_select_regex=None, packages_skip_regex=None, packages_start=None, packages_end=None, allow_overriding=[], cmake_args=None, cmake_target=None, cmake_target_skip_unavailable=False, cmake_clean_cache=False, cmake_clean_first=False, cmake_force_configure=False, ament_cmake_args=None, catkin_cmake_args=None, catkin_skip_building_tests=False, mixin_files=None, mixin=None, verb_parser=<colcon_mixin.mixin.mixin_argument.MixinArgumentDecorator object at 0x7de20f40a3b0>, verb_extension=<colcon_core.verb.build.BuildVerb object at 0x7de20f55b940>, main=<bound method BuildVerb.main of <colcon_core.verb.build.BuildVerb object at 0x7de20f55b940>>, mixin_verb=('build',))
[0.204s] Level 1:colcon.colcon_core.package_discovery:discover_packages(colcon_meta) check parameters
[0.204s] Level 1:colcon.colcon_core.package_discovery:discover_packages(recursive) check parameters
[0.204s] Level 1:colcon.colcon_core.package_discovery:discover_packages(ignore) check parameters
[0.204s] Level 1:colcon.colcon_core.package_discovery:discover_packages(path) check parameters
[0.204s] Level 1:colcon.colcon_core.package_discovery:discover_packages(colcon_meta) discover
[0.204s] Level 1:colcon.colcon_core.package_discovery:discover_packages(recursive) discover
[0.204s] INFO:colcon.colcon_core.package_discovery:Crawling recursively for packages in '/home/monkorusan/ros2_ws/src/gurobi_ros2_testing'
[0.204s] Level 1:colcon.colcon_core.package_identification:_identify(.) by extensions ['ignore', 'ignore_ament_install']
[0.204s] Level 1:colcon.colcon_core.package_identification:_identify(.) by extension 'ignore'
[0.204s] Level 1:colcon.colcon_core.package_identification:_identify(.) by extension 'ignore_ament_install'
[0.204s] Level 1:colcon.colcon_core.package_identification:_identify(.) by extensions ['colcon_pkg']
[0.204s] Level 1:colcon.colcon_core.package_identification:_identify(.) by extension 'colcon_pkg'
[0.204s] Level 1:colcon.colcon_core.package_identification:_identify(.) by extensions ['colcon_meta']
[0.204s] Level 1:colcon.colcon_core.package_identification:_identify(.) by extension 'colcon_meta'
[0.204s] Level 1:colcon.colcon_core.package_identification:_identify(.) by extensions ['ros']
[0.204s] Level 1:colcon.colcon_core.package_identification:_identify(.) by extension 'ros'
[0.213s] DEBUG:colcon.colcon_core.package_identification:Package '.' with type 'ros.ament_python' and name 'gurobi_ros2_testing'
[0.213s] Level 1:colcon.colcon_core.package_discovery:discover_packages(recursive) using defaults
[0.213s] Level 1:colcon.colcon_core.package_discovery:discover_packages(ignore) discover
[0.213s] Level 1:colcon.colcon_core.package_discovery:discover_packages(ignore) using defaults
[0.213s] Level 1:colcon.colcon_core.package_discovery:discover_packages(path) discover
[0.213s] Level 1:colcon.colcon_core.package_discovery:discover_packages(path) using defaults
[0.234s] Level 1:colcon.colcon_core.package_discovery:discover_packages(prefix_path) check parameters
[0.234s] Level 1:colcon.colcon_core.package_discovery:discover_packages(prefix_path) discover
[0.234s] WARNING:colcon.colcon_ros.prefix_path.ament:The path '/home/monkorusan/ros2_ws/install/gurobiROS2_testing' in the environment variable AMENT_PREFIX_PATH doesn't exist
[0.234s] WARNING:colcon.colcon_ros.prefix_path.ament:The path '/home/monkorusan/ros2_ws/install/dji_drone_robot' in the environment variable AMENT_PREFIX_PATH doesn't exist
[0.235s] WARNING:colcon.colcon_ros.prefix_path.ament:The path '/home/monkorusan/ros2_ws/install/dji_drone_rviz_plugins' in the environment variable AMENT_PREFIX_PATH doesn't exist
[0.235s] WARNING:colcon.colcon_ros.prefix_path.ament:The path '/home/monkorusan/ros2_ws/install/dji_drone_rqt_plugins' in the environment variable AMENT_PREFIX_PATH doesn't exist
[0.235s] WARNING:colcon.colcon_ros.prefix_path.ament:The path '/home/monkorusan/ros2_ws/install/dji_drone_msgs' in the environment variable AMENT_PREFIX_PATH doesn't exist
[0.235s] WARNING:colcon.colcon_ros.prefix_path.ament:The path '/home/monkorusan/ros2_ws/install/dji_drone_description' in the environment variable AMENT_PREFIX_PATH doesn't exist
[0.235s] WARNING:colcon.colcon_ros.prefix_path.ament:The path '/home/monkorusan/ros2_ws/install/dji_drone_demos' in the environment variable AMENT_PREFIX_PATH doesn't exist
[0.235s] WARNING:colcon.colcon_ros.prefix_path.ament:The path '/home/monkorusan/ros2_ws/install/dji_drone_control' in the environment variable AMENT_PREFIX_PATH doesn't exist
[0.235s] WARNING:colcon.colcon_ros.prefix_path.ament:The path '/home/monkorusan/ros2_ws/install/dji_drone_bringup' in the environment variable AMENT_PREFIX_PATH doesn't exist
[0.235s] WARNING:colcon.colcon_ros.prefix_path.catkin:The path '/home/monkorusan/ros2_ws/install/dji_drone_robot' in the environment variable CMAKE_PREFIX_PATH doesn't exist
[0.235s] WARNING:colcon.colcon_ros.prefix_path.catkin:The path '/home/monkorusan/ros2_ws/install/dji_drone_rviz_plugins' in the environment variable CMAKE_PREFIX_PATH doesn't exist
[0.235s] WARNING:colcon.colcon_ros.prefix_path.catkin:The path '/home/monkorusan/ros2_ws/install/dji_drone_msgs' in the environment variable CMAKE_PREFIX_PATH doesn't exist
[0.235s] WARNING:colcon.colcon_ros.prefix_path.catkin:The path '/home/monkorusan/ros2_ws/install/dji_drone_description' in the environment variable CMAKE_PREFIX_PATH doesn't exist
[0.235s] DEBUG:colcon.colcon_installed_package_information.package_discovery:Found 1 installed packages in /home/monkorusan/ros2_ws/install
[0.236s] DEBUG:colcon.colcon_installed_package_information.package_discovery:Found 170 installed packages in /opt/ros/humble
[0.237s] Level 1:colcon.colcon_core.package_discovery:discover_packages(prefix_path) using defaults
[0.252s] Level 5:colcon.colcon_core.verb:set package 'gurobi_ros2_testing' build argument 'cmake_args' from command line to 'None'
[0.252s] Level 5:colcon.colcon_core.verb:set package 'gurobi_ros2_testing' build argument 'cmake_target' from command line to 'None'
[0.252s] Level 5:colcon.colcon_core.verb:set package 'gurobi_ros2_testing' build argument 'cmake_target_skip_unavailable' from command line to 'False'
[0.252s] Level 5:colcon.colcon_core.verb:set package 'gurobi_ros2_testing' build argument 'cmake_clean_cache' from command line to 'False'
[0.252s] Level 5:colcon.colcon_core.verb:set package 'gurobi_ros2_testing' build argument 'cmake_clean_first' from command line to 'False'
[0.252s] Level 5:colcon.colcon_core.verb:set package 'gurobi_ros2_testing' build argument 'cmake_force_configure' from command line to 'False'
[0.252s] Level 5:colcon.colcon_core.verb:set package 'gurobi_ros2_testing' build argument 'ament_cmake_args' from command line to 'None'
[0.252s] Level 5:colcon.colcon_core.verb:set package 'gurobi_ros2_testing' build argument 'catkin_cmake_args' from command line to 'None'
[0.252s] Level 5:colcon.colcon_core.verb:set package 'gurobi_ros2_testing' build argument 'catkin_skip_building_tests' from command line to 'False'
[0.252s] DEBUG:colcon.colcon_core.verb:Building package 'gurobi_ros2_testing' with the following arguments: {'ament_cmake_args': None, 'build_base': '/home/monkorusan/ros2_ws/src/gurobi_ros2_testing/build/gurobi_ros2_testing', 'catkin_cmake_args': None, 'catkin_skip_building_tests': False, 'cmake_args': None, 'cmake_clean_cache': False, 'cmake_clean_first': False, 'cmake_force_configure': False, 'cmake_target': None, 'cmake_target_skip_unavailable': False, 'install_base': '/home/monkorusan/ros2_ws/src/gurobi_ros2_testing/install/gurobi_ros2_testing', 'merge_install': False, 'path': '/home/monkorusan/ros2_ws/src/gurobi_ros2_testing', 'symlink_install': True, 'test_result_base': None}
[0.252s] INFO:colcon.colcon_core.executor:Executing jobs using 'parallel' executor
[0.253s] DEBUG:colcon.colcon_parallel_executor.executor.parallel:run_until_complete
[0.253s] INFO:colcon.colcon_ros.task.ament_python.build:Building ROS package in '/home/monkorusan/ros2_ws/src/gurobi_ros2_testing' with build type 'ament_python'
[0.253s] Level 1:colcon.colcon_core.shell:create_environment_hook('gurobi_ros2_testing', 'ament_prefix_path')
[0.254s] INFO:colcon.colcon_core.plugin_system:Skipping extension 'colcon_core.shell.bat': Not used on non-Windows systems
[0.255s] INFO:colcon.colcon_core.shell:Creating environment hook '/home/monkorusan/ros2_ws/src/gurobi_ros2_testing/install/gurobi_ros2_testing/share/gurobi_ros2_testing/hook/ament_prefix_path.ps1'
[0.255s] INFO:colcon.colcon_core.shell:Creating environment descriptor '/home/monkorusan/ros2_ws/src/gurobi_ros2_testing/install/gurobi_ros2_testing/share/gurobi_ros2_testing/hook/ament_prefix_path.dsv'
[0.255s] INFO:colcon.colcon_core.shell:Creating environment hook '/home/monkorusan/ros2_ws/src/gurobi_ros2_testing/install/gurobi_ros2_testing/share/gurobi_ros2_testing/hook/ament_prefix_path.sh'
[0.256s] INFO:colcon.colcon_core.shell:Skip shell extension 'powershell' for command environment: Not usable outside of PowerShell
[0.256s] DEBUG:colcon.colcon_core.shell:Skip shell extension 'dsv' for command environment
[0.452s] WARNING:colcon.colcon_ros.task.ament_python.build:Package 'gurobi_ros2_testing' doesn't explicitly install a marker in the package index (colcon-ros currently does it implicitly but that fallback will be removed in the future)
[0.452s] INFO:colcon.colcon_core.task.python.build:Building Python package in '/home/monkorusan/ros2_ws/src/gurobi_ros2_testing'
[0.452s] INFO:colcon.colcon_core.shell:Skip shell extension 'powershell' for command environment: Not usable outside of PowerShell
[0.452s] DEBUG:colcon.colcon_core.shell:Skip shell extension 'dsv' for command environment
[0.726s] DEBUG:colcon.colcon_core.event_handler.log_command:Invoking command in '/home/monkorusan/ros2_ws/src/gurobi_ros2_testing/build/gurobi_ros2_testing': PYTHONPATH=/home/monkorusan/ros2_ws/src/gurobi_ros2_testing/build/gurobi_ros2_testing/prefix_override:/usr/lib/python3/dist-packages/colcon_core/task/python/colcon_distutils_commands:/home/monkorusan/ros2_ws/src/gurobi_ros2_testing/install/gurobi_ros2_testing/lib/python3.10/site-packages:${PYTHONPATH} /usr/bin/python3 -W ignore:setup.py install is deprecated -W ignore:easy_install command is deprecated setup.py develop --editable --build-directory /home/monkorusan/ros2_ws/src/gurobi_ros2_testing/build/gurobi_ros2_testing/build --no-deps symlink_data
[1.052s] Level 1:colcon.colcon_core.shell:create_environment_hook('gurobi_ros2_testing', 'pythonpath_develop')
[1.053s] INFO:colcon.colcon_core.shell:Creating environment hook '/home/monkorusan/ros2_ws/src/gurobi_ros2_testing/build/gurobi_ros2_testing/share/gurobi_ros2_testing/hook/pythonpath_develop.ps1'
[1.053s] DEBUG:colcon.colcon_core.event_handler.log_command:Invoked command in '/home/monkorusan/ros2_ws/src/gurobi_ros2_testing/build/gurobi_ros2_testing' returned '0': PYTHONPATH=/home/monkorusan/ros2_ws/src/gurobi_ros2_testing/build/gurobi_ros2_testing/prefix_override:/usr/lib/python3/dist-packages/colcon_core/task/python/colcon_distutils_commands:/home/monkorusan/ros2_ws/src/gurobi_ros2_testing/install/gurobi_ros2_testing/lib/python3.10/site-packages:${PYTHONPATH} /usr/bin/python3 -W ignore:setup.py install is deprecated -W ignore:easy_install command is deprecated setup.py develop --editable --build-directory /home/monkorusan/ros2_ws/src/gurobi_ros2_testing/build/gurobi_ros2_testing/build --no-deps symlink_data
[1.054s] INFO:colcon.colcon_core.shell:Creating environment descriptor '/home/monkorusan/ros2_ws/src/gurobi_ros2_testing/build/gurobi_ros2_testing/share/gurobi_ros2_testing/hook/pythonpath_develop.dsv'
[1.054s] INFO:colcon.colcon_core.shell:Creating environment hook '/home/monkorusan/ros2_ws/src/gurobi_ros2_testing/build/gurobi_ros2_testing/share/gurobi_ros2_testing/hook/pythonpath_develop.sh'
[1.056s] Level 1:colcon.colcon_core.environment:checking '/home/monkorusan/ros2_ws/src/gurobi_ros2_testing/install/gurobi_ros2_testing' for CMake module files
[1.056s] Level 1:colcon.colcon_core.environment:checking '/home/monkorusan/ros2_ws/src/gurobi_ros2_testing/install/gurobi_ros2_testing' for CMake config files
[1.056s] Level 1:colcon.colcon_core.environment:checking '/home/monkorusan/ros2_ws/src/gurobi_ros2_testing/install/gurobi_ros2_testing/lib'
[1.056s] Level 1:colcon.colcon_core.environment:checking '/home/monkorusan/ros2_ws/src/gurobi_ros2_testing/install/gurobi_ros2_testing/bin'
[1.056s] Level 1:colcon.colcon_core.environment:checking '/home/monkorusan/ros2_ws/src/gurobi_ros2_testing/install/gurobi_ros2_testing/lib/pkgconfig/gurobi_ros2_testing.pc'
[1.057s] Level 1:colcon.colcon_core.environment:checking '/home/monkorusan/ros2_ws/src/gurobi_ros2_testing/install/gurobi_ros2_testing/lib/python3.10/site-packages'
[1.057s] Level 1:colcon.colcon_core.shell:create_environment_hook('gurobi_ros2_testing', 'pythonpath')
[1.057s] INFO:colcon.colcon_core.shell:Creating environment hook '/home/monkorusan/ros2_ws/src/gurobi_ros2_testing/install/gurobi_ros2_testing/share/gurobi_ros2_testing/hook/pythonpath.ps1'
[1.057s] INFO:colcon.colcon_core.shell:Creating environment descriptor '/home/monkorusan/ros2_ws/src/gurobi_ros2_testing/install/gurobi_ros2_testing/share/gurobi_ros2_testing/hook/pythonpath.dsv'
[1.057s] INFO:colcon.colcon_core.shell:Creating environment hook '/home/monkorusan/ros2_ws/src/gurobi_ros2_testing/install/gurobi_ros2_testing/share/gurobi_ros2_testing/hook/pythonpath.sh'
[1.057s] Level 1:colcon.colcon_core.environment:checking '/home/monkorusan/ros2_ws/src/gurobi_ros2_testing/install/gurobi_ros2_testing/bin'
[1.058s] Level 1:colcon.colcon_core.environment:create_environment_scripts_only(gurobi_ros2_testing)
[1.058s] INFO:colcon.colcon_core.shell:Creating package script '/home/monkorusan/ros2_ws/src/gurobi_ros2_testing/install/gurobi_ros2_testing/share/gurobi_ros2_testing/package.ps1'
[1.058s] INFO:colcon.colcon_core.shell:Creating package descriptor '/home/monkorusan/ros2_ws/src/gurobi_ros2_testing/install/gurobi_ros2_testing/share/gurobi_ros2_testing/package.dsv'
[1.059s] INFO:colcon.colcon_core.shell:Creating package script '/home/monkorusan/ros2_ws/src/gurobi_ros2_testing/install/gurobi_ros2_testing/share/gurobi_ros2_testing/package.sh'
[1.059s] INFO:colcon.colcon_core.shell:Creating package script '/home/monkorusan/ros2_ws/src/gurobi_ros2_testing/install/gurobi_ros2_testing/share/gurobi_ros2_testing/package.bash'
[1.059s] INFO:colcon.colcon_core.shell:Creating package script '/home/monkorusan/ros2_ws/src/gurobi_ros2_testing/install/gurobi_ros2_testing/share/gurobi_ros2_testing/package.zsh'
[1.060s] Level 1:colcon.colcon_core.environment:create_file_with_runtime_dependencies(/home/monkorusan/ros2_ws/src/gurobi_ros2_testing/install/gurobi_ros2_testing/share/colcon-core/packages/gurobi_ros2_testing)
[1.060s] DEBUG:colcon.colcon_parallel_executor.executor.parallel:closing loop
[1.060s] DEBUG:colcon.colcon_parallel_executor.executor.parallel:loop closed
[1.060s] DEBUG:colcon.colcon_parallel_executor.executor.parallel:run_until_complete finished with '0'
[1.060s] DEBUG:colcon.colcon_core.event_reactor:joining thread
[1.064s] INFO:colcon.colcon_core.plugin_system:Skipping extension 'colcon_notification.desktop_notification.terminal_notifier': Not used on non-Darwin systems
[1.064s] INFO:colcon.colcon_core.plugin_system:Skipping extension 'colcon_notification.desktop_notification.win32': Not used on non-Windows systems
[1.064s] INFO:colcon.colcon_notification.desktop_notification:Sending desktop notification using 'notify2'
[1.073s] DEBUG:colcon.colcon_core.event_reactor:joined thread
[1.073s] INFO:colcon.colcon_core.shell:Creating prefix script '/home/monkorusan/ros2_ws/src/gurobi_ros2_testing/install/local_setup.ps1'
[1.074s] INFO:colcon.colcon_core.shell:Creating prefix util module '/home/monkorusan/ros2_ws/src/gurobi_ros2_testing/install/_local_setup_util_ps1.py'
[1.075s] INFO:colcon.colcon_core.shell:Creating prefix chain script '/home/monkorusan/ros2_ws/src/gurobi_ros2_testing/install/setup.ps1'
[1.076s] INFO:colcon.colcon_core.shell:Creating prefix script '/home/monkorusan/ros2_ws/src/gurobi_ros2_testing/install/local_setup.sh'
[1.076s] INFO:colcon.colcon_core.shell:Creating prefix util module '/home/monkorusan/ros2_ws/src/gurobi_ros2_testing/install/_local_setup_util_sh.py'
[1.077s] INFO:colcon.colcon_core.shell:Creating prefix chain script '/home/monkorusan/ros2_ws/src/gurobi_ros2_testing/install/setup.sh'
[1.077s] INFO:colcon.colcon_core.shell:Creating prefix script '/home/monkorusan/ros2_ws/src/gurobi_ros2_testing/install/local_setup.bash'
[1.078s] INFO:colcon.colcon_core.shell:Creating prefix chain script '/home/monkorusan/ros2_ws/src/gurobi_ros2_testing/install/setup.bash'
[1.078s] INFO:colcon.colcon_core.shell:Creating prefix script '/home/monkorusan/ros2_ws/src/gurobi_ros2_testing/install/local_setup.zsh'
[1.079s] INFO:colcon.colcon_core.shell:Creating prefix chain script '/home/monkorusan/ros2_ws/src/gurobi_ros2_testing/install/setup.zsh'
